<?xml version="1.0" encoding="UTF-8"?>
<!-- Generated by org.testng.reporters.JUnitReportReporter -->
<testsuite hostname="DESKTOP-5220CDC" failures="0" tests="1" name="com.automationpractice.automationpractice" time="29.585" errors="0" timestamp="2021-06-28T00:31:00 CEST" skipped="0">
  <testcase classname="com.automationpractice.automationpractice" name="automationpracticeTest" time="29.585"/>
  <system-out/>
</testsuite> <!-- com.automationpractice.automationpractice -->
